<?xml version="1.0" encoding="UTF-8"?>
<!-- Generated by org.testng.reporters.JUnitReportReporter -->
<testsuite hostname="DESKTOP-SA70GI3" failures="0" tests="5" name="RunnerClass.AmazonTestRunner" time="0.352" errors="0" timestamp="2024-02-29T13:11:44 IST" skipped="0">
  <testcase classname="RunnerClass.AmazonTestRunner" name="runScenario" time="0.178"/>
  <testcase classname="RunnerClass.AmazonTestRunner" name="runScenario" time="0.042"/>
  <testcase classname="RunnerClass.AmazonTestRunner" name="runScenario" time="0.076"/>
  <testcase classname="RunnerClass.AmazonTestRunner" name="runScenario" time="0.026"/>
  <testcase classname="RunnerClass.AmazonTestRunner" name="runScenario" time="0.030"/>
</testsuite> <!-- RunnerClass.AmazonTestRunner -->
